     1                                  bits 32 ; assembling for the 32 bits architecture
     2                                  
     3                                  ; declare the EntryPoint (a label defining the very first instruction of the program)
     4                                  global start        
     5                                  
     6                                  ; declare external functions needed by our program
     7                                  extern exit               ; tell nasm that exit exists even if we won't be defining it
     8                                  import exit msvcrt.dll    ; exit is a function that ends the calling process. It is defined in msvcrt.dll
     9                                                            ; msvcrt.dll contains exit, printf and all the other important C-runtime specific functions
    10                                  
    11                                  ; our data is declared here (the variables needed by our program)
    12                                  segment data use32 class=data
    13                                      ; a,b,d-byte; c-doubleword; x-qword
    14 00000000 81                          a db -127
    15 00000001 81                          b db -127
    16 00000002 CCDDEEFF                    c dd 0FFEEDDCCh ; daca pun 0FFEEDD nu mai merge
    17 00000006 80                          d db 128
    18 00000007 1122334455667788            x dq 8877665544332211h
    19                                      ;->
    20                                  ; our code starts here
    21                                  segment code use32 class=code
    22                                      start:
    23                                          ; (8-a*b*100+c)/d+x;
    24 00000000 A0[00000000]                    mov al,[a] ; 
    25 00000005 F62D[01000000]                  imul byte[b] ; ax = a*b ax=3F01
    26                                          ;CF=  ZF=  SF= OF=
    27 0000000B 66BB6400                        mov bx,100 ;
    28 0000000F 66F7EB                          imul bx ; dx:ax = a*b*100 dx=0018 ax=9C64
    29                                          ;CF=  ZF=  SF= OF=
    30                                          
    31                                          ;8-a*b*100
    32 00000012 B308                            mov bl,8
    33 00000014 660FBEDB                        movsx bx,bl
    34 00000018 66B90000                        mov cx,0 ; cx:bx = 8
    35                                          
    36 0000001C 6629C3                          sub bx,ax ; bx=63A4
    37                                          ;CF=  ZF=  SF= OF=
    38 0000001F 6619D1                          sbb cx,dx ; cx:bx = 8-a*b*100 cx=FFE7
    39                                          ;CF=  ZF=  SF= OF=
    40                                          
    41 00000022 66031D[02000000]                add bx,word[c+0] ;little endian  bx=4170
    42                                          ;CF=  ZF=  SF= OF=
    43 00000029 66130D[04000000]                adc cx,word[c+2] ; cx:bx = 8-a*b*100+c  cx=FFD6
    44                                          ;CF=  ZF=  SF= OF=
    45                                          
    46 00000030 6689D8                          mov ax,bx
    47 00000033 6689CA                          mov dx,cx ; dx:ax = 8-a*b*100+c =1234 5680
    48                                          
    49 00000036 660FBE1D[06000000]              movsx bx,[d]
    50 0000003E 66F7FB                          idiv bx; ax - cat | dx - rest  nu merge! nu incape! cat=10056h rest=6C70
    51                                          
    52 00000041 0FBFC0                          movsx eax,ax
    53 00000044 0FBFD2                          movsx edx,dx
    54 00000047 0305[07000000]                  add eax,dword[x+0]
    55 0000004D 1315[0B000000]                  adc edx,dword[x+4]; edx:eax = rezultatul
    56                                   
    57                                          ; exit(0)
    58 00000053 6A00                            push    dword 0      ; push the parameter for exit onto the stack
    59 00000055 FF15[00000000]                  call    [exit]       ; call exit to terminate the program
