     1                                  bits 32 ; assembling for the 32 bits architecture
     2                                  
     3                                  ; declare the EntryPoint (a label defining the very first instruction of the program)
     4                                  global start        
     5                                  
     6                                  ; declare external functions needed by our program
     7                                  extern exit               ; tell nasm that exit exists even if we won't be defining it
     8                                  import exit msvcrt.dll    ; exit is a function that ends the calling process. It is defined in msvcrt.dll
     9                                                            ; msvcrt.dll contains exit, printf and all the other important C-runtime specific functions
    10                                  
    11                                  ; our data is declared here (the variables needed by our program)
    12                                  segment data use32 class=data
    13 00000000 12                          x db 12h
    14 00000001 0A                          y db 10
    15 00000002 CDAB                        z dw 0ABCDh
    16 00000004 78563412                    t dd 12345678h
    17 00000008 8877665544332211            s dq 1122334455667788h
    18                                  
    19                                  ; our code starts here
    20                                  segment code use32 class=code
    21                                      start:
    22                                          ; 10-x nu pot scrie sub 10,x pt ca 10 e constanta -> pun 10 in registru
    23 00000000 B20A                            mov dl,10
    24 00000002 2A15[00000000]                  sub dl,[x]
    25                                      
    26                                          ; exit(0)
    27 00000008 6A00                            push    dword 0      ; push the parameter for exit onto the stack
    28 0000000A FF15[00000000]                  call    [exit]       ; call exit to terminate the program
